<?xml version="1.0" encoding="UTF-8"?>
<testsuite name="TP1" tests="7" skipped="0" failures="0" errors="0" timestamp="2024-09-16T07:43:00" hostname="macbook-air-de-bianciotto.home" time="0.023">
  <properties/>
  <testcase name="exo2()" classname="TP1" time="0.007"/>
  <testcase name="exo3()" classname="TP1" time="0.0"/>
  <testcase name="exo4()" classname="TP1" time="0.004"/>
  <testcase name="exo5()" classname="TP1" time="0.004"/>
  <testcase name="exo6()" classname="TP1" time="0.001"/>
  <testcase name="exo7()" classname="TP1" time="0.001"/>
  <testcase name="exo8()" classname="TP1" time="0.004"/>
  <system-out><![CDATA[]]></system-out>
  <system-err><![CDATA[]]></system-err>
</testsuite>
