<?xml version="1.0" encoding="UTF-8"?>
<testsuite name="TP3" tests="2" skipped="0" failures="0" errors="0" timestamp="2024-09-16T07:43:00" hostname="macbook-air-de-bianciotto.home" time="0.038">
  <properties/>
  <testcase name="exo1()" classname="TP3" time="0.0"/>
  <testcase name="exo2()" classname="TP3" time="0.038"/>
  <system-out><![CDATA[]]></system-out>
  <system-err><![CDATA[]]></system-err>
</testsuite>
